mode: set
github.com/Luiggy102/go-unit-test/util/parser.go:15.85,16.37 1 1
github.com/Luiggy102/go-unit-test/util/parser.go:16.37,18.3 1 1
github.com/Luiggy102/go-unit-test/util/parser.go:20.2,20.50 1 1
github.com/Luiggy102/go-unit-test/util/parser.go:20.50,22.3 1 0
github.com/Luiggy102/go-unit-test/util/parser.go:24.2,28.40 3 1
github.com/Luiggy102/go-unit-test/util/parser.go:28.40,30.10 2 1
github.com/Luiggy102/go-unit-test/util/parser.go:30.10,31.12 1 1
github.com/Luiggy102/go-unit-test/util/parser.go:34.3,34.50 1 1
github.com/Luiggy102/go-unit-test/util/parser.go:37.2,44.27 2 1
